I, [2015-11-29T10:48:10.617928 #12500]  INFO -- : Net::HTTP::Get: /
D, [2015-11-29T10:48:10.619769 #12500] DEBUG -- : request-header: accept-encoding => gzip,deflate,identity
D, [2015-11-29T10:48:10.620234 #12500] DEBUG -- : request-header: accept => */*
D, [2015-11-29T10:48:10.620362 #12500] DEBUG -- : request-header: user-agent => Mechanize/2.7.3 Ruby/2.2.2p95 (http://github.com/sparklemotion/mechanize/)
D, [2015-11-29T10:48:10.620478 #12500] DEBUG -- : request-header: accept-charset => ISO-8859-1,utf-8;q=0.7,*;q=0.7
D, [2015-11-29T10:48:10.620563 #12500] DEBUG -- : request-header: accept-language => en-us,en;q=0.5
D, [2015-11-29T10:48:10.620753 #12500] DEBUG -- : request-header: host => en.ogame.gameforge.com
I, [2015-11-29T10:48:11.261652 #12500]  INFO -- : status: Net::HTTPOK 1.1 200 OK
D, [2015-11-29T10:48:11.261877 #12500] DEBUG -- : response-header: date => Sun, 29 Nov 2015 02:48:11 GMT
D, [2015-11-29T10:48:11.261999 #12500] DEBUG -- : response-header: server => Apache
D, [2015-11-29T10:48:11.262111 #12500] DEBUG -- : response-header: p3p => CP="NOI ADM DEV PSAi COM NAV OUR OTRo STP IND DEM"
D, [2015-11-29T10:48:11.262220 #12500] DEBUG -- : response-header: set-cookie => SID=4tgbn9iodi6i0lni7jc77ufrg6; expires=Sun, 29-Nov-2015 03:48:11 GMT; path=/; domain=en.ogame.gameforge.com
D, [2015-11-29T10:48:11.262329 #12500] DEBUG -- : response-header: vary => Accept-Encoding
D, [2015-11-29T10:48:11.262435 #12500] DEBUG -- : response-header: content-encoding => gzip
D, [2015-11-29T10:48:11.262540 #12500] DEBUG -- : response-header: content-length => 18217
D, [2015-11-29T10:48:11.262644 #12500] DEBUG -- : response-header: connection => close
D, [2015-11-29T10:48:11.262750 #12500] DEBUG -- : response-header: content-type => text/html; charset=utf-8
D, [2015-11-29T10:48:11.263133 #12500] DEBUG -- : Read 14220 bytes (14220 total)
D, [2015-11-29T10:48:11.568162 #12500] DEBUG -- : Read 3997 bytes (18217 total)
D, [2015-11-29T10:48:11.568700 #12500] DEBUG -- : gzip response
D, [2015-11-29T10:48:11.601240 #12500] DEBUG -- : saved cookie: SID=4tgbn9iodi6i0lni7jc77ufrg6
I, [2015-11-29T10:48:11.671474 #12500]  INFO -- : form encoding: utf-8
D, [2015-11-29T10:48:11.672361 #12500] DEBUG -- : query: "kid=&uni=s131-en.ogame.gameforge.com&login=zephyrsails&pass=Whoisziper704"
I, [2015-11-29T10:48:11.675528 #12500]  INFO -- : Net::HTTP::Post: /main/login
D, [2015-11-29T10:48:11.675767 #12500] DEBUG -- : request-header: accept-encoding => gzip,deflate,identity
D, [2015-11-29T10:48:11.675976 #12500] DEBUG -- : request-header: accept => */*
D, [2015-11-29T10:48:11.676097 #12500] DEBUG -- : request-header: user-agent => Mechanize/2.7.3 Ruby/2.2.2p95 (http://github.com/sparklemotion/mechanize/)
D, [2015-11-29T10:48:11.676211 #12500] DEBUG -- : request-header: accept-charset => ISO-8859-1,utf-8;q=0.7,*;q=0.7
D, [2015-11-29T10:48:11.676303 #12500] DEBUG -- : request-header: accept-language => en-us,en;q=0.5
D, [2015-11-29T10:48:11.676381 #12500] DEBUG -- : request-header: cookie => SID=4tgbn9iodi6i0lni7jc77ufrg6
D, [2015-11-29T10:48:11.676459 #12500] DEBUG -- : request-header: host => en.ogame.gameforge.com
D, [2015-11-29T10:48:11.676545 #12500] DEBUG -- : request-header: referer => http://en.ogame.gameforge.com/
D, [2015-11-29T10:48:11.676624 #12500] DEBUG -- : request-header: content-type => application/x-www-form-urlencoded
D, [2015-11-29T10:48:11.676692 #12500] DEBUG -- : request-header: content-length => 73
I, [2015-11-29T10:48:12.182702 #12500]  INFO -- : status: Net::HTTPSeeOther 1.1 303 See Other
D, [2015-11-29T10:48:12.182925 #12500] DEBUG -- : response-header: date => Sun, 29 Nov 2015 02:48:12 GMT
D, [2015-11-29T10:48:12.183045 #12500] DEBUG -- : response-header: server => Apache
D, [2015-11-29T10:48:12.183157 #12500] DEBUG -- : response-header: set-cookie => OG_lastServer=s131-en.ogame.gameforge.com; expires=Tue, 29-Dec-2015 02:48:12 GMT; path=/; domain=en.ogame.gameforge.com; httponly
D, [2015-11-29T10:48:12.183267 #12500] DEBUG -- : response-header: location => http://s131-en.ogame.gameforge.com/game/reg/login2.php?data=D%2BzcMNVgc5S%2FZQ4sfBAAfo8a%2FdlTENNXEGneVgtSC3M13kCVLDNPeVy1EYU1ymU%2FJ6nnG7Lu%2F%2BqVH7XwjiQxOrbZ%2FHouL%2BqdLXbf2fdqENHdE694idtYrdWkw75YIEN6hQl%2BZRBi0TF7WtCMGOImlgGvkMmBXOTktg4YD4BMADE%3D
D, [2015-11-29T10:48:12.183389 #12500] DEBUG -- : response-header: vary => Accept-Encoding
D, [2015-11-29T10:48:12.183500 #12500] DEBUG -- : response-header: content-encoding => gzip
D, [2015-11-29T10:48:12.183606 #12500] DEBUG -- : response-header: content-length => 451
D, [2015-11-29T10:48:12.183710 #12500] DEBUG -- : response-header: connection => close
D, [2015-11-29T10:48:12.183815 #12500] DEBUG -- : response-header: content-type => text/html; charset=utf-8
D, [2015-11-29T10:48:12.184044 #12500] DEBUG -- : Read 451 bytes (451 total)
D, [2015-11-29T10:48:12.184301 #12500] DEBUG -- : gzip response
D, [2015-11-29T10:48:12.185591 #12500] DEBUG -- : saved cookie: OG_lastServer=s131-en.ogame.gameforge.com
I, [2015-11-29T10:48:12.185721 #12500]  INFO -- : follow redirect to: http://s131-en.ogame.gameforge.com/game/reg/login2.php?data=D%2BzcMNVgc5S%2FZQ4sfBAAfo8a%2FdlTENNXEGneVgtSC3M13kCVLDNPeVy1EYU1ymU%2FJ6nnG7Lu%2F%2BqVH7XwjiQxOrbZ%2FHouL%2BqdLXbf2fdqENHdE694idtYrdWkw75YIEN6hQl%2BZRBi0TF7WtCMGOImlgGvkMmBXOTktg4YD4BMADE%3D
I, [2015-11-29T10:48:12.186941 #12500]  INFO -- : Net::HTTP::Get: /game/reg/login2.php?data=D%2BzcMNVgc5S%2FZQ4sfBAAfo8a%2FdlTENNXEGneVgtSC3M13kCVLDNPeVy1EYU1ymU%2FJ6nnG7Lu%2F%2BqVH7XwjiQxOrbZ%2FHouL%2BqdLXbf2fdqENHdE694idtYrdWkw75YIEN6hQl%2BZRBi0TF7WtCMGOImlgGvkMmBXOTktg4YD4BMADE%3D
D, [2015-11-29T10:48:12.187048 #12500] DEBUG -- : request-header: accept-encoding => gzip,deflate,identity
D, [2015-11-29T10:48:12.187126 #12500] DEBUG -- : request-header: accept => */*
D, [2015-11-29T10:48:12.187199 #12500] DEBUG -- : request-header: user-agent => Mechanize/2.7.3 Ruby/2.2.2p95 (http://github.com/sparklemotion/mechanize/)
D, [2015-11-29T10:48:12.187271 #12500] DEBUG -- : request-header: accept-charset => ISO-8859-1,utf-8;q=0.7,*;q=0.7
D, [2015-11-29T10:48:12.187342 #12500] DEBUG -- : request-header: accept-language => en-us,en;q=0.5
D, [2015-11-29T10:48:12.187413 #12500] DEBUG -- : request-header: host => s131-en.ogame.gameforge.com
D, [2015-11-29T10:48:12.187487 #12500] DEBUG -- : request-header: referer => http://en.ogame.gameforge.com/
I, [2015-11-29T10:48:13.991711 #12500]  INFO -- : status: Net::HTTPFound 1.1 302 Found
D, [2015-11-29T10:48:13.991935 #12500] DEBUG -- : response-header: date => Sun, 29 Nov 2015 02:48:13 GMT
D, [2015-11-29T10:48:13.992056 #12500] DEBUG -- : response-header: server => Apache
D, [2015-11-29T10:48:13.992167 #12500] DEBUG -- : response-header: p3p => CP="This is not a P3P policy. It is a ninja, sneaking by Internet Explorer and escaping its iframe at lightning speed."
D, [2015-11-29T10:48:13.992275 #12500] DEBUG -- : response-header: expires => Thu, 19 Nov 1981 08:52:00 GMT
D, [2015-11-29T10:48:13.992381 #12500] DEBUG -- : response-header: cache-control => no-store, no-cache, must-revalidate, post-check=0, pre-check=0
D, [2015-11-29T10:48:13.992487 #12500] DEBUG -- : response-header: pragma => no-cache
D, [2015-11-29T10:48:13.992592 #12500] DEBUG -- : response-header: set-cookie => PHPSESSID=9c9e2b317137f4013c88a957532e20321fc003ff; path=/, prsess_113232=a4102348b108ca7efec043206765d1b9; expires=Mon, 30-Nov-2015 02:48:13 GMT; Max-Age=86400; path=/, login_113232=U_en131%3Azephyrsails%3A0bb70f4a2c1f061b6296994fdeab5801; expires=Mon, 30-Nov-2015 02:48:13 GMT; Max-Age=86400; path=/, language=en; expires=Sun, 27-Dec-2015 02:48:13 GMT; Max-Age=2419200
D, [2015-11-29T10:48:13.992698 #12500] DEBUG -- : response-header: location => http://s131-en.ogame.gameforge.com/game/index.php?page=overview&PHPSESSID=9c9e2b317137f4013c88a957532e20321fc003ff
D, [2015-11-29T10:48:13.992801 #12500] DEBUG -- : response-header: content-length => 156
D, [2015-11-29T10:48:13.992904 #12500] DEBUG -- : response-header: connection => close
D, [2015-11-29T10:48:13.993008 #12500] DEBUG -- : response-header: content-type => text/html; charset=utf-8
D, [2015-11-29T10:48:13.993229 #12500] DEBUG -- : Read 156 bytes (156 total)
D, [2015-11-29T10:48:13.994076 #12500] DEBUG -- : saved cookie: PHPSESSID=9c9e2b317137f4013c88a957532e20321fc003ff
D, [2015-11-29T10:48:13.994693 #12500] DEBUG -- : saved cookie: prsess_113232=a4102348b108ca7efec043206765d1b9
D, [2015-11-29T10:48:13.995185 #12500] DEBUG -- : saved cookie: login_113232=U_en131%3Azephyrsails%3A0bb70f4a2c1f061b6296994fdeab5801
D, [2015-11-29T10:48:13.995682 #12500] DEBUG -- : saved cookie: language=en
I, [2015-11-29T10:48:13.995795 #12500]  INFO -- : follow redirect to: http://s131-en.ogame.gameforge.com/game/index.php?page=overview&PHPSESSID=9c9e2b317137f4013c88a957532e20321fc003ff
I, [2015-11-29T10:48:13.997340 #12500]  INFO -- : Net::HTTP::Get: /game/index.php?page=overview&PHPSESSID=9c9e2b317137f4013c88a957532e20321fc003ff
D, [2015-11-29T10:48:13.997432 #12500] DEBUG -- : request-header: accept-encoding => gzip,deflate,identity
D, [2015-11-29T10:48:13.997509 #12500] DEBUG -- : request-header: accept => */*
D, [2015-11-29T10:48:13.997582 #12500] DEBUG -- : request-header: user-agent => Mechanize/2.7.3 Ruby/2.2.2p95 (http://github.com/sparklemotion/mechanize/)
D, [2015-11-29T10:48:13.997653 #12500] DEBUG -- : request-header: accept-charset => ISO-8859-1,utf-8;q=0.7,*;q=0.7
D, [2015-11-29T10:48:13.997723 #12500] DEBUG -- : request-header: accept-language => en-us,en;q=0.5
D, [2015-11-29T10:48:13.997794 #12500] DEBUG -- : request-header: cookie => PHPSESSID=9c9e2b317137f4013c88a957532e20321fc003ff; login_113232=U_en131%3Azephyrsails%3A0bb70f4a2c1f061b6296994fdeab5801; prsess_113232=a4102348b108ca7efec043206765d1b9
D, [2015-11-29T10:48:13.997865 #12500] DEBUG -- : request-header: host => s131-en.ogame.gameforge.com
D, [2015-11-29T10:48:13.997939 #12500] DEBUG -- : request-header: referer => http://en.ogame.gameforge.com/
I, [2015-11-29T10:48:14.947357 #12500]  INFO -- : status: Net::HTTPOK 1.1 200 OK
D, [2015-11-29T10:48:14.947580 #12500] DEBUG -- : response-header: date => Sun, 29 Nov 2015 02:48:14 GMT
D, [2015-11-29T10:48:14.947699 #12500] DEBUG -- : response-header: server => Apache
D, [2015-11-29T10:48:14.947811 #12500] DEBUG -- : response-header: p3p => CP="This is not a P3P policy. It is a ninja, sneaking by Internet Explorer and escaping its iframe at lightning speed."
D, [2015-11-29T10:48:14.947921 #12500] DEBUG -- : response-header: expires => Thu, 19 Nov 1981 08:52:00 GMT
D, [2015-11-29T10:48:14.948041 #12500] DEBUG -- : response-header: cache-control => no-store, no-cache, must-revalidate, post-check=0, pre-check=0
D, [2015-11-29T10:48:14.948148 #12500] DEBUG -- : response-header: pragma => no-cache
D, [2015-11-29T10:48:14.948254 #12500] DEBUG -- : response-header: vary => Accept-Encoding
D, [2015-11-29T10:48:14.948358 #12500] DEBUG -- : response-header: content-encoding => gzip
D, [2015-11-29T10:48:14.948462 #12500] DEBUG -- : response-header: content-length => 30642
D, [2015-11-29T10:48:14.948566 #12500] DEBUG -- : response-header: connection => close
D, [2015-11-29T10:48:14.948670 #12500] DEBUG -- : response-header: content-type => text/html; charset=utf-8
D, [2015-11-29T10:48:14.949074 #12500] DEBUG -- : Read 2456 bytes (2456 total)
D, [2015-11-29T10:48:14.949268 #12500] DEBUG -- : Read 11680 bytes (14136 total)
D, [2015-11-29T10:48:15.254327 #12500] DEBUG -- : Read 16384 bytes (30520 total)
D, [2015-11-29T10:48:15.254690 #12500] DEBUG -- : Read 122 bytes (30642 total)
D, [2015-11-29T10:48:15.255017 #12500] DEBUG -- : gzip response
I, [2015-11-29T10:48:19.724098 #12500]  INFO -- : Net::HTTP::Get: /game/index.php?page=fleet1
D, [2015-11-29T10:48:19.724254 #12500] DEBUG -- : request-header: accept-encoding => gzip,deflate,identity
D, [2015-11-29T10:48:19.724330 #12500] DEBUG -- : request-header: accept => */*
D, [2015-11-29T10:48:19.724402 #12500] DEBUG -- : request-header: user-agent => Mechanize/2.7.3 Ruby/2.2.2p95 (http://github.com/sparklemotion/mechanize/)
D, [2015-11-29T10:48:19.724473 #12500] DEBUG -- : request-header: accept-charset => ISO-8859-1,utf-8;q=0.7,*;q=0.7
D, [2015-11-29T10:48:19.724571 #12500] DEBUG -- : request-header: accept-language => en-us,en;q=0.5
D, [2015-11-29T10:48:19.724641 #12500] DEBUG -- : request-header: cookie => PHPSESSID=9c9e2b317137f4013c88a957532e20321fc003ff; login_113232=U_en131%3Azephyrsails%3A0bb70f4a2c1f061b6296994fdeab5801; prsess_113232=a4102348b108ca7efec043206765d1b9
D, [2015-11-29T10:48:19.724724 #12500] DEBUG -- : request-header: host => s131-en.ogame.gameforge.com
I, [2015-11-29T10:48:20.784506 #12500]  INFO -- : status: Net::HTTPOK 1.1 200 OK
D, [2015-11-29T10:48:20.784726 #12500] DEBUG -- : response-header: date => Sun, 29 Nov 2015 02:48:20 GMT
D, [2015-11-29T10:48:20.784846 #12500] DEBUG -- : response-header: server => Apache
D, [2015-11-29T10:48:20.784958 #12500] DEBUG -- : response-header: p3p => CP="This is not a P3P policy. It is a ninja, sneaking by Internet Explorer and escaping its iframe at lightning speed."
D, [2015-11-29T10:48:20.785067 #12500] DEBUG -- : response-header: expires => Thu, 19 Nov 1981 08:52:00 GMT
D, [2015-11-29T10:48:20.785175 #12500] DEBUG -- : response-header: cache-control => no-store, no-cache, must-revalidate, post-check=0, pre-check=0
D, [2015-11-29T10:48:20.785283 #12500] DEBUG -- : response-header: pragma => no-cache
D, [2015-11-29T10:48:20.785389 #12500] DEBUG -- : response-header: vary => Accept-Encoding
D, [2015-11-29T10:48:20.785493 #12500] DEBUG -- : response-header: content-encoding => gzip
D, [2015-11-29T10:48:20.785597 #12500] DEBUG -- : response-header: content-length => 28773
D, [2015-11-29T10:48:20.785741 #12500] DEBUG -- : response-header: connection => close
D, [2015-11-29T10:48:20.785849 #12500] DEBUG -- : response-header: content-type => text/html; charset=utf-8
D, [2015-11-29T10:48:20.786059 #12500] DEBUG -- : Read 14136 bytes (14136 total)
D, [2015-11-29T10:48:21.090884 #12500] DEBUG -- : Read 1460 bytes (15596 total)
D, [2015-11-29T10:48:21.091310 #12500] DEBUG -- : Read 13177 bytes (28773 total)
D, [2015-11-29T10:48:21.091599 #12500] DEBUG -- : gzip response
I, [2015-11-29T10:48:22.126301 #12500]  INFO -- : form encoding: utf-8
D, [2015-11-29T10:48:22.126670 #12500] DEBUG -- : query: "galaxy=1&system=410&position=4&type=1&mission=0&speed=10&am205=0&am202=0&am203=0&am208=0&am210=1"
I, [2015-11-29T10:48:22.127965 #12500]  INFO -- : Net::HTTP::Post: /game/index.php?page=fleet2
D, [2015-11-29T10:48:22.128043 #12500] DEBUG -- : request-header: accept-encoding => gzip,deflate,identity
D, [2015-11-29T10:48:22.128108 #12500] DEBUG -- : request-header: accept => */*
D, [2015-11-29T10:48:22.128169 #12500] DEBUG -- : request-header: user-agent => Mechanize/2.7.3 Ruby/2.2.2p95 (http://github.com/sparklemotion/mechanize/)
D, [2015-11-29T10:48:22.128228 #12500] DEBUG -- : request-header: accept-charset => ISO-8859-1,utf-8;q=0.7,*;q=0.7
D, [2015-11-29T10:48:22.128287 #12500] DEBUG -- : request-header: accept-language => en-us,en;q=0.5
D, [2015-11-29T10:48:22.128346 #12500] DEBUG -- : request-header: cookie => PHPSESSID=9c9e2b317137f4013c88a957532e20321fc003ff; login_113232=U_en131%3Azephyrsails%3A0bb70f4a2c1f061b6296994fdeab5801; prsess_113232=a4102348b108ca7efec043206765d1b9
D, [2015-11-29T10:48:22.128405 #12500] DEBUG -- : request-header: host => s131-en.ogame.gameforge.com
D, [2015-11-29T10:48:22.128470 #12500] DEBUG -- : request-header: referer => http://s131-en.ogame.gameforge.com/game/index.php?page=fleet1
D, [2015-11-29T10:48:22.128533 #12500] DEBUG -- : request-header: content-type => application/x-www-form-urlencoded
D, [2015-11-29T10:48:22.128592 #12500] DEBUG -- : request-header: content-length => 96
I, [2015-11-29T10:48:23.037197 #12500]  INFO -- : status: Net::HTTPOK 1.1 200 OK
D, [2015-11-29T10:48:23.037420 #12500] DEBUG -- : response-header: date => Sun, 29 Nov 2015 02:48:22 GMT
D, [2015-11-29T10:48:23.037541 #12500] DEBUG -- : response-header: server => Apache
D, [2015-11-29T10:48:23.037650 #12500] DEBUG -- : response-header: p3p => CP="This is not a P3P policy. It is a ninja, sneaking by Internet Explorer and escaping its iframe at lightning speed."
D, [2015-11-29T10:48:23.037760 #12500] DEBUG -- : response-header: expires => Thu, 19 Nov 1981 08:52:00 GMT
D, [2015-11-29T10:48:23.037866 #12500] DEBUG -- : response-header: cache-control => no-store, no-cache, must-revalidate, post-check=0, pre-check=0
D, [2015-11-29T10:48:23.037987 #12500] DEBUG -- : response-header: pragma => no-cache
D, [2015-11-29T10:48:23.038097 #12500] DEBUG -- : response-header: vary => Accept-Encoding
D, [2015-11-29T10:48:23.038202 #12500] DEBUG -- : response-header: content-encoding => gzip
D, [2015-11-29T10:48:23.038346 #12500] DEBUG -- : response-header: content-length => 28447
D, [2015-11-29T10:48:23.038453 #12500] DEBUG -- : response-header: connection => close
D, [2015-11-29T10:48:23.038557 #12500] DEBUG -- : response-header: content-type => text/html; charset=utf-8
D, [2015-11-29T10:48:23.038742 #12500] DEBUG -- : Read 14136 bytes (14136 total)
D, [2015-11-29T10:48:23.343944 #12500] DEBUG -- : Read 14311 bytes (28447 total)
D, [2015-11-29T10:48:23.344318 #12500] DEBUG -- : gzip response
I, [2015-11-29T10:48:24.376930 #12500]  INFO -- : form encoding: utf-8
D, [2015-11-29T10:48:24.377285 #12500] DEBUG -- : query: "type=1&mission=6&union=0&am210=1&galaxy=1&system=400&position=8&acsValues=-&speed=10"
I, [2015-11-29T10:48:24.378576 #12500]  INFO -- : Net::HTTP::Post: /game/index.php?page=fleet3
D, [2015-11-29T10:48:24.378649 #12500] DEBUG -- : request-header: accept-encoding => gzip,deflate,identity
D, [2015-11-29T10:48:24.378713 #12500] DEBUG -- : request-header: accept => */*
D, [2015-11-29T10:48:24.378773 #12500] DEBUG -- : request-header: user-agent => Mechanize/2.7.3 Ruby/2.2.2p95 (http://github.com/sparklemotion/mechanize/)
D, [2015-11-29T10:48:24.378833 #12500] DEBUG -- : request-header: accept-charset => ISO-8859-1,utf-8;q=0.7,*;q=0.7
D, [2015-11-29T10:48:24.378891 #12500] DEBUG -- : request-header: accept-language => en-us,en;q=0.5
D, [2015-11-29T10:48:24.378950 #12500] DEBUG -- : request-header: cookie => PHPSESSID=9c9e2b317137f4013c88a957532e20321fc003ff; login_113232=U_en131%3Azephyrsails%3A0bb70f4a2c1f061b6296994fdeab5801; prsess_113232=a4102348b108ca7efec043206765d1b9
D, [2015-11-29T10:48:24.379008 #12500] DEBUG -- : request-header: host => s131-en.ogame.gameforge.com
D, [2015-11-29T10:48:24.379094 #12500] DEBUG -- : request-header: referer => http://s131-en.ogame.gameforge.com/game/index.php?page=fleet2
D, [2015-11-29T10:48:24.379155 #12500] DEBUG -- : request-header: content-type => application/x-www-form-urlencoded
D, [2015-11-29T10:48:24.379213 #12500] DEBUG -- : request-header: content-length => 84
I, [2015-11-29T10:48:25.289453 #12500]  INFO -- : status: Net::HTTPOK 1.1 200 OK
D, [2015-11-29T10:48:25.289679 #12500] DEBUG -- : response-header: date => Sun, 29 Nov 2015 02:48:24 GMT
D, [2015-11-29T10:48:25.289799 #12500] DEBUG -- : response-header: server => Apache
D, [2015-11-29T10:48:25.289911 #12500] DEBUG -- : response-header: p3p => CP="This is not a P3P policy. It is a ninja, sneaking by Internet Explorer and escaping its iframe at lightning speed."
D, [2015-11-29T10:48:25.290022 #12500] DEBUG -- : response-header: expires => Thu, 19 Nov 1981 08:52:00 GMT
D, [2015-11-29T10:48:25.290129 #12500] DEBUG -- : response-header: cache-control => no-store, no-cache, must-revalidate, post-check=0, pre-check=0
D, [2015-11-29T10:48:25.290279 #12500] DEBUG -- : response-header: pragma => no-cache
D, [2015-11-29T10:48:25.290387 #12500] DEBUG -- : response-header: vary => Accept-Encoding
D, [2015-11-29T10:48:25.290493 #12500] DEBUG -- : response-header: content-encoding => gzip
D, [2015-11-29T10:48:25.290599 #12500] DEBUG -- : response-header: content-length => 29457
D, [2015-11-29T10:48:25.290703 #12500] DEBUG -- : response-header: connection => close
D, [2015-11-29T10:48:25.290808 #12500] DEBUG -- : response-header: content-type => text/html; charset=utf-8
D, [2015-11-29T10:48:25.290973 #12500] DEBUG -- : Read 2456 bytes (2456 total)
D, [2015-11-29T10:48:25.291190 #12500] DEBUG -- : Read 11680 bytes (14136 total)
D, [2015-11-29T10:48:25.596544 #12500] DEBUG -- : Read 2920 bytes (17056 total)
D, [2015-11-29T10:48:25.596886 #12500] DEBUG -- : Read 4380 bytes (21436 total)
D, [2015-11-29T10:48:25.597234 #12500] DEBUG -- : Read 8021 bytes (29457 total)
D, [2015-11-29T10:48:25.597535 #12500] DEBUG -- : gzip response
I, [2015-11-29T10:48:26.630996 #12500]  INFO -- : form encoding: utf-8
D, [2015-11-29T10:48:26.631476 #12500] DEBUG -- : query: "holdingtime=1&expeditiontime=1&token=537215548f27e6a93b33248c191f0252&galaxy=1&system=400&position=8&type=1&mission=6&union2=0&holdingOrExpTime=0&speed=10&acsValues=-&prioMetal=1&prioCrystal=2&prioDeuterium=3&am210=1&metal=0&crystal=0&deuterium=0"
I, [2015-11-29T10:48:26.632800 #12500]  INFO -- : Net::HTTP::Post: /game/index.php?page=movement
D, [2015-11-29T10:48:26.632875 #12500] DEBUG -- : request-header: accept-encoding => gzip,deflate,identity
D, [2015-11-29T10:48:26.632939 #12500] DEBUG -- : request-header: accept => */*
D, [2015-11-29T10:48:26.633000 #12500] DEBUG -- : request-header: user-agent => Mechanize/2.7.3 Ruby/2.2.2p95 (http://github.com/sparklemotion/mechanize/)
D, [2015-11-29T10:48:26.633061 #12500] DEBUG -- : request-header: accept-charset => ISO-8859-1,utf-8;q=0.7,*;q=0.7
D, [2015-11-29T10:48:26.633120 #12500] DEBUG -- : request-header: accept-language => en-us,en;q=0.5
D, [2015-11-29T10:48:26.633179 #12500] DEBUG -- : request-header: cookie => PHPSESSID=9c9e2b317137f4013c88a957532e20321fc003ff; login_113232=U_en131%3Azephyrsails%3A0bb70f4a2c1f061b6296994fdeab5801; prsess_113232=a4102348b108ca7efec043206765d1b9
D, [2015-11-29T10:48:26.633238 #12500] DEBUG -- : request-header: host => s131-en.ogame.gameforge.com
D, [2015-11-29T10:48:26.633300 #12500] DEBUG -- : request-header: referer => http://s131-en.ogame.gameforge.com/game/index.php?page=fleet3
D, [2015-11-29T10:48:26.633360 #12500] DEBUG -- : request-header: content-type => application/x-www-form-urlencoded
D, [2015-11-29T10:48:26.633417 #12500] DEBUG -- : request-header: content-length => 246
I, [2015-11-29T10:48:27.274693 #12500]  INFO -- : status: Net::HTTPFound 1.1 302 Found
D, [2015-11-29T10:48:27.274914 #12500] DEBUG -- : response-header: date => Sun, 29 Nov 2015 02:48:27 GMT
D, [2015-11-29T10:48:27.275035 #12500] DEBUG -- : response-header: server => Apache
D, [2015-11-29T10:48:27.275147 #12500] DEBUG -- : response-header: p3p => CP="This is not a P3P policy. It is a ninja, sneaking by Internet Explorer and escaping its iframe at lightning speed."
D, [2015-11-29T10:48:27.275256 #12500] DEBUG -- : response-header: expires => Thu, 19 Nov 1981 08:52:00 GMT
D, [2015-11-29T10:48:27.275363 #12500] DEBUG -- : response-header: cache-control => no-store, no-cache, must-revalidate, post-check=0, pre-check=0
D, [2015-11-29T10:48:27.275470 #12500] DEBUG -- : response-header: pragma => no-cache
D, [2015-11-29T10:48:27.275575 #12500] DEBUG -- : response-header: location => http://s131-en.ogame.gameforge.com/game/index.php?page=fleet1
D, [2015-11-29T10:48:27.275680 #12500] DEBUG -- : response-header: content-length => 103
D, [2015-11-29T10:48:27.275785 #12500] DEBUG -- : response-header: connection => close
D, [2015-11-29T10:48:27.275890 #12500] DEBUG -- : response-header: content-type => text/html; charset=utf-8
D, [2015-11-29T10:48:27.276075 #12500] DEBUG -- : Read 103 bytes (103 total)
I, [2015-11-29T10:48:27.276660 #12500]  INFO -- : follow redirect to: http://s131-en.ogame.gameforge.com/game/index.php?page=fleet1
I, [2015-11-29T10:48:27.278648 #12500]  INFO -- : Net::HTTP::Get: /game/index.php?page=fleet1
D, [2015-11-29T10:48:27.278736 #12500] DEBUG -- : request-header: accept-encoding => gzip,deflate,identity
D, [2015-11-29T10:48:27.278813 #12500] DEBUG -- : request-header: accept => */*
D, [2015-11-29T10:48:27.278915 #12500] DEBUG -- : request-header: user-agent => Mechanize/2.7.3 Ruby/2.2.2p95 (http://github.com/sparklemotion/mechanize/)
D, [2015-11-29T10:48:27.278990 #12500] DEBUG -- : request-header: accept-charset => ISO-8859-1,utf-8;q=0.7,*;q=0.7
D, [2015-11-29T10:48:27.279062 #12500] DEBUG -- : request-header: accept-language => en-us,en;q=0.5
D, [2015-11-29T10:48:27.279138 #12500] DEBUG -- : request-header: cookie => PHPSESSID=9c9e2b317137f4013c88a957532e20321fc003ff; login_113232=U_en131%3Azephyrsails%3A0bb70f4a2c1f061b6296994fdeab5801; prsess_113232=a4102348b108ca7efec043206765d1b9
D, [2015-11-29T10:48:27.279225 #12500] DEBUG -- : request-header: host => s131-en.ogame.gameforge.com
D, [2015-11-29T10:48:27.279304 #12500] DEBUG -- : request-header: referer => http://s131-en.ogame.gameforge.com/game/index.php?page=fleet3
I, [2015-11-29T10:48:28.157823 #12500]  INFO -- : status: Net::HTTPOK 1.1 200 OK
D, [2015-11-29T10:48:28.158048 #12500] DEBUG -- : response-header: date => Sun, 29 Nov 2015 02:48:27 GMT
D, [2015-11-29T10:48:28.158169 #12500] DEBUG -- : response-header: server => Apache
D, [2015-11-29T10:48:28.158280 #12500] DEBUG -- : response-header: p3p => CP="This is not a P3P policy. It is a ninja, sneaking by Internet Explorer and escaping its iframe at lightning speed."
D, [2015-11-29T10:48:28.158390 #12500] DEBUG -- : response-header: expires => Thu, 19 Nov 1981 08:52:00 GMT
D, [2015-11-29T10:48:28.158497 #12500] DEBUG -- : response-header: cache-control => no-store, no-cache, must-revalidate, post-check=0, pre-check=0
D, [2015-11-29T10:48:28.158604 #12500] DEBUG -- : response-header: pragma => no-cache
D, [2015-11-29T10:48:28.158709 #12500] DEBUG -- : response-header: vary => Accept-Encoding
D, [2015-11-29T10:48:28.158812 #12500] DEBUG -- : response-header: content-encoding => gzip
D, [2015-11-29T10:48:28.158915 #12500] DEBUG -- : response-header: content-length => 28939
D, [2015-11-29T10:48:28.159019 #12500] DEBUG -- : response-header: connection => close
D, [2015-11-29T10:48:28.159123 #12500] DEBUG -- : response-header: content-type => text/html; charset=utf-8
D, [2015-11-29T10:48:28.159333 #12500] DEBUG -- : Read 14136 bytes (14136 total)
D, [2015-11-29T10:48:28.463966 #12500] DEBUG -- : Read 14803 bytes (28939 total)
D, [2015-11-29T10:48:28.464499 #12500] DEBUG -- : gzip response
I, [2015-11-29T10:48:33.552878 #12500]  INFO -- : Net::HTTP::Get: /game/index.php?page=fleet1
D, [2015-11-29T10:48:33.553035 #12500] DEBUG -- : request-header: accept-encoding => gzip,deflate,identity
D, [2015-11-29T10:48:33.553154 #12500] DEBUG -- : request-header: accept => */*
D, [2015-11-29T10:48:33.553265 #12500] DEBUG -- : request-header: user-agent => Mechanize/2.7.3 Ruby/2.2.2p95 (http://github.com/sparklemotion/mechanize/)
D, [2015-11-29T10:48:33.553374 #12500] DEBUG -- : request-header: accept-charset => ISO-8859-1,utf-8;q=0.7,*;q=0.7
D, [2015-11-29T10:48:33.553482 #12500] DEBUG -- : request-header: accept-language => en-us,en;q=0.5
D, [2015-11-29T10:48:33.553590 #12500] DEBUG -- : request-header: cookie => PHPSESSID=9c9e2b317137f4013c88a957532e20321fc003ff; login_113232=U_en131%3Azephyrsails%3A0bb70f4a2c1f061b6296994fdeab5801; prsess_113232=a4102348b108ca7efec043206765d1b9
D, [2015-11-29T10:48:33.553698 #12500] DEBUG -- : request-header: host => s131-en.ogame.gameforge.com
I, [2015-11-29T10:48:34.506098 #12500]  INFO -- : status: Net::HTTPOK 1.1 200 OK
D, [2015-11-29T10:48:34.506319 #12500] DEBUG -- : response-header: date => Sun, 29 Nov 2015 02:48:34 GMT
D, [2015-11-29T10:48:34.506439 #12500] DEBUG -- : response-header: server => Apache
D, [2015-11-29T10:48:34.506561 #12500] DEBUG -- : response-header: p3p => CP="This is not a P3P policy. It is a ninja, sneaking by Internet Explorer and escaping its iframe at lightning speed."
D, [2015-11-29T10:48:34.506673 #12500] DEBUG -- : response-header: expires => Thu, 19 Nov 1981 08:52:00 GMT
D, [2015-11-29T10:48:34.506780 #12500] DEBUG -- : response-header: cache-control => no-store, no-cache, must-revalidate, post-check=0, pre-check=0
D, [2015-11-29T10:48:34.506886 #12500] DEBUG -- : response-header: pragma => no-cache
D, [2015-11-29T10:48:34.506991 #12500] DEBUG -- : response-header: vary => Accept-Encoding
D, [2015-11-29T10:48:34.507096 #12500] DEBUG -- : response-header: content-encoding => gzip
D, [2015-11-29T10:48:34.507200 #12500] DEBUG -- : response-header: content-length => 28910
D, [2015-11-29T10:48:34.507304 #12500] DEBUG -- : response-header: connection => close
D, [2015-11-29T10:48:34.507417 #12500] DEBUG -- : response-header: content-type => text/html; charset=utf-8
D, [2015-11-29T10:48:34.507613 #12500] DEBUG -- : Read 14136 bytes (14136 total)
D, [2015-11-29T10:48:34.759410 #12500] DEBUG -- : Read 10220 bytes (24356 total)
D, [2015-11-29T10:48:34.760572 #12500] DEBUG -- : Read 4554 bytes (28910 total)
D, [2015-11-29T10:48:34.760944 #12500] DEBUG -- : gzip response
I, [2015-11-29T10:48:35.795303 #12500]  INFO -- : form encoding: utf-8
D, [2015-11-29T10:48:35.795697 #12500] DEBUG -- : query: "galaxy=1&system=410&position=4&type=1&mission=0&speed=10&am205=0&am202=0&am203=0&am208=0&am210=1"
I, [2015-11-29T10:48:35.797081 #12500]  INFO -- : Net::HTTP::Post: /game/index.php?page=fleet2
D, [2015-11-29T10:48:35.797156 #12500] DEBUG -- : request-header: accept-encoding => gzip,deflate,identity
D, [2015-11-29T10:48:35.797219 #12500] DEBUG -- : request-header: accept => */*
D, [2015-11-29T10:48:35.797280 #12500] DEBUG -- : request-header: user-agent => Mechanize/2.7.3 Ruby/2.2.2p95 (http://github.com/sparklemotion/mechanize/)
D, [2015-11-29T10:48:35.797339 #12500] DEBUG -- : request-header: accept-charset => ISO-8859-1,utf-8;q=0.7,*;q=0.7
D, [2015-11-29T10:48:35.797398 #12500] DEBUG -- : request-header: accept-language => en-us,en;q=0.5
D, [2015-11-29T10:48:35.797457 #12500] DEBUG -- : request-header: cookie => PHPSESSID=9c9e2b317137f4013c88a957532e20321fc003ff; login_113232=U_en131%3Azephyrsails%3A0bb70f4a2c1f061b6296994fdeab5801; prsess_113232=a4102348b108ca7efec043206765d1b9
D, [2015-11-29T10:48:35.797516 #12500] DEBUG -- : request-header: host => s131-en.ogame.gameforge.com
D, [2015-11-29T10:48:35.797580 #12500] DEBUG -- : request-header: referer => http://s131-en.ogame.gameforge.com/game/index.php?page=fleet1
D, [2015-11-29T10:48:35.797639 #12500] DEBUG -- : request-header: content-type => application/x-www-form-urlencoded
D, [2015-11-29T10:48:35.797697 #12500] DEBUG -- : request-header: content-length => 96
I, [2015-11-29T10:48:36.758599 #12500]  INFO -- : status: Net::HTTPOK 1.1 200 OK
D, [2015-11-29T10:48:36.758818 #12500] DEBUG -- : response-header: date => Sun, 29 Nov 2015 02:48:36 GMT
D, [2015-11-29T10:48:36.758939 #12500] DEBUG -- : response-header: server => Apache
D, [2015-11-29T10:48:36.759050 #12500] DEBUG -- : response-header: p3p => CP="This is not a P3P policy. It is a ninja, sneaking by Internet Explorer and escaping its iframe at lightning speed."
D, [2015-11-29T10:48:36.759160 #12500] DEBUG -- : response-header: expires => Thu, 19 Nov 1981 08:52:00 GMT
D, [2015-11-29T10:48:36.759269 #12500] DEBUG -- : response-header: cache-control => no-store, no-cache, must-revalidate, post-check=0, pre-check=0
D, [2015-11-29T10:48:36.759377 #12500] DEBUG -- : response-header: pragma => no-cache
D, [2015-11-29T10:48:36.759483 #12500] DEBUG -- : response-header: vary => Accept-Encoding
D, [2015-11-29T10:48:36.759588 #12500] DEBUG -- : response-header: content-encoding => gzip
D, [2015-11-29T10:48:36.759693 #12500] DEBUG -- : response-header: content-length => 28503
D, [2015-11-29T10:48:36.759798 #12500] DEBUG -- : response-header: connection => close
D, [2015-11-29T10:48:36.759903 #12500] DEBUG -- : response-header: content-type => text/html; charset=utf-8
D, [2015-11-29T10:48:36.760124 #12500] DEBUG -- : Read 14136 bytes (14136 total)
D, [2015-11-29T10:48:37.066044 #12500] DEBUG -- : Read 14367 bytes (28503 total)
D, [2015-11-29T10:48:37.066498 #12500] DEBUG -- : gzip response
I, [2015-11-29T10:48:38.098558 #12500]  INFO -- : form encoding: utf-8
D, [2015-11-29T10:48:38.098932 #12500] DEBUG -- : query: "type=1&mission=6&union=0&am210=1&galaxy=1&system=409&position=8&acsValues=-&speed=10"
I, [2015-11-29T10:48:38.100227 #12500]  INFO -- : Net::HTTP::Post: /game/index.php?page=fleet3
D, [2015-11-29T10:48:38.100301 #12500] DEBUG -- : request-header: accept-encoding => gzip,deflate,identity
D, [2015-11-29T10:48:38.100365 #12500] DEBUG -- : request-header: accept => */*
D, [2015-11-29T10:48:38.100426 #12500] DEBUG -- : request-header: user-agent => Mechanize/2.7.3 Ruby/2.2.2p95 (http://github.com/sparklemotion/mechanize/)
D, [2015-11-29T10:48:38.100486 #12500] DEBUG -- : request-header: accept-charset => ISO-8859-1,utf-8;q=0.7,*;q=0.7
D, [2015-11-29T10:48:38.100558 #12500] DEBUG -- : request-header: accept-language => en-us,en;q=0.5
D, [2015-11-29T10:48:38.100620 #12500] DEBUG -- : request-header: cookie => PHPSESSID=9c9e2b317137f4013c88a957532e20321fc003ff; login_113232=U_en131%3Azephyrsails%3A0bb70f4a2c1f061b6296994fdeab5801; prsess_113232=a4102348b108ca7efec043206765d1b9
D, [2015-11-29T10:48:38.100679 #12500] DEBUG -- : request-header: host => s131-en.ogame.gameforge.com
D, [2015-11-29T10:48:38.100743 #12500] DEBUG -- : request-header: referer => http://s131-en.ogame.gameforge.com/game/index.php?page=fleet2
D, [2015-11-29T10:48:38.100828 #12500] DEBUG -- : request-header: content-type => application/x-www-form-urlencoded
D, [2015-11-29T10:48:38.100887 #12500] DEBUG -- : request-header: content-length => 84
I, [2015-11-29T10:48:39.011528 #12500]  INFO -- : status: Net::HTTPOK 1.1 200 OK
D, [2015-11-29T10:48:39.011752 #12500] DEBUG -- : response-header: date => Sun, 29 Nov 2015 02:48:38 GMT
D, [2015-11-29T10:48:39.011872 #12500] DEBUG -- : response-header: server => Apache
D, [2015-11-29T10:48:39.011984 #12500] DEBUG -- : response-header: p3p => CP="This is not a P3P policy. It is a ninja, sneaking by Internet Explorer and escaping its iframe at lightning speed."
D, [2015-11-29T10:48:39.012142 #12500] DEBUG -- : response-header: expires => Thu, 19 Nov 1981 08:52:00 GMT
D, [2015-11-29T10:48:39.012260 #12500] DEBUG -- : response-header: cache-control => no-store, no-cache, must-revalidate, post-check=0, pre-check=0
D, [2015-11-29T10:48:39.012370 #12500] DEBUG -- : response-header: pragma => no-cache
D, [2015-11-29T10:48:39.012475 #12500] DEBUG -- : response-header: vary => Accept-Encoding
D, [2015-11-29T10:48:39.012580 #12500] DEBUG -- : response-header: content-encoding => gzip
D, [2015-11-29T10:48:39.012684 #12500] DEBUG -- : response-header: content-length => 29506
D, [2015-11-29T10:48:39.012787 #12500] DEBUG -- : response-header: connection => close
D, [2015-11-29T10:48:39.012892 #12500] DEBUG -- : response-header: content-type => text/html; charset=utf-8
D, [2015-11-29T10:48:39.013080 #12500] DEBUG -- : Read 14136 bytes (14136 total)
D, [2015-11-29T10:48:39.317984 #12500] DEBUG -- : Read 1460 bytes (15596 total)
D, [2015-11-29T10:48:39.318406 #12500] DEBUG -- : Read 13910 bytes (29506 total)
D, [2015-11-29T10:48:39.318720 #12500] DEBUG -- : gzip response
I, [2015-11-29T10:48:40.365113 #12500]  INFO -- : form encoding: utf-8
D, [2015-11-29T10:48:40.365628 #12500] DEBUG -- : query: "holdingtime=1&expeditiontime=1&token=1f6bb84f79d2e167d2bebd12077ccb8d&galaxy=1&system=409&position=8&type=1&mission=6&union2=0&holdingOrExpTime=0&speed=10&acsValues=-&prioMetal=1&prioCrystal=2&prioDeuterium=3&am210=1&metal=0&crystal=0&deuterium=0"
I, [2015-11-29T10:48:40.366914 #12500]  INFO -- : Net::HTTP::Post: /game/index.php?page=movement
D, [2015-11-29T10:48:40.366989 #12500] DEBUG -- : request-header: accept-encoding => gzip,deflate,identity
D, [2015-11-29T10:48:40.367055 #12500] DEBUG -- : request-header: accept => */*
D, [2015-11-29T10:48:40.367116 #12500] DEBUG -- : request-header: user-agent => Mechanize/2.7.3 Ruby/2.2.2p95 (http://github.com/sparklemotion/mechanize/)
D, [2015-11-29T10:48:40.367177 #12500] DEBUG -- : request-header: accept-charset => ISO-8859-1,utf-8;q=0.7,*;q=0.7
D, [2015-11-29T10:48:40.367237 #12500] DEBUG -- : request-header: accept-language => en-us,en;q=0.5
D, [2015-11-29T10:48:40.367297 #12500] DEBUG -- : request-header: cookie => PHPSESSID=9c9e2b317137f4013c88a957532e20321fc003ff; login_113232=U_en131%3Azephyrsails%3A0bb70f4a2c1f061b6296994fdeab5801; prsess_113232=a4102348b108ca7efec043206765d1b9
D, [2015-11-29T10:48:40.367357 #12500] DEBUG -- : request-header: host => s131-en.ogame.gameforge.com
D, [2015-11-29T10:48:40.367421 #12500] DEBUG -- : request-header: referer => http://s131-en.ogame.gameforge.com/game/index.php?page=fleet3
D, [2015-11-29T10:48:40.367481 #12500] DEBUG -- : request-header: content-type => application/x-www-form-urlencoded
D, [2015-11-29T10:48:40.367540 #12500] DEBUG -- : request-header: content-length => 246
I, [2015-11-29T10:48:41.168637 #12500]  INFO -- : status: Net::HTTPFound 1.1 302 Found
D, [2015-11-29T10:48:41.168862 #12500] DEBUG -- : response-header: date => Sun, 29 Nov 2015 02:48:40 GMT
D, [2015-11-29T10:48:41.168982 #12500] DEBUG -- : response-header: server => Apache
D, [2015-11-29T10:48:41.169094 #12500] DEBUG -- : response-header: p3p => CP="This is not a P3P policy. It is a ninja, sneaking by Internet Explorer and escaping its iframe at lightning speed."
D, [2015-11-29T10:48:41.169205 #12500] DEBUG -- : response-header: expires => Thu, 19 Nov 1981 08:52:00 GMT
D, [2015-11-29T10:48:41.169312 #12500] DEBUG -- : response-header: cache-control => no-store, no-cache, must-revalidate, post-check=0, pre-check=0
D, [2015-11-29T10:48:41.169420 #12500] DEBUG -- : response-header: pragma => no-cache
D, [2015-11-29T10:48:41.169527 #12500] DEBUG -- : response-header: location => http://s131-en.ogame.gameforge.com/game/index.php?page=fleet1
D, [2015-11-29T10:48:41.169633 #12500] DEBUG -- : response-header: content-length => 103
D, [2015-11-29T10:48:41.169738 #12500] DEBUG -- : response-header: connection => close
D, [2015-11-29T10:48:41.169844 #12500] DEBUG -- : response-header: content-type => text/html; charset=utf-8
D, [2015-11-29T10:48:41.170030 #12500] DEBUG -- : Read 103 bytes (103 total)
I, [2015-11-29T10:48:41.170741 #12500]  INFO -- : follow redirect to: http://s131-en.ogame.gameforge.com/game/index.php?page=fleet1
I, [2015-11-29T10:48:41.172683 #12500]  INFO -- : Net::HTTP::Get: /game/index.php?page=fleet1
D, [2015-11-29T10:48:41.172771 #12500] DEBUG -- : request-header: accept-encoding => gzip,deflate,identity
D, [2015-11-29T10:48:41.172849 #12500] DEBUG -- : request-header: accept => */*
D, [2015-11-29T10:48:41.172923 #12500] DEBUG -- : request-header: user-agent => Mechanize/2.7.3 Ruby/2.2.2p95 (http://github.com/sparklemotion/mechanize/)
D, [2015-11-29T10:48:41.172995 #12500] DEBUG -- : request-header: accept-charset => ISO-8859-1,utf-8;q=0.7,*;q=0.7
D, [2015-11-29T10:48:41.173066 #12500] DEBUG -- : request-header: accept-language => en-us,en;q=0.5
D, [2015-11-29T10:48:41.173136 #12500] DEBUG -- : request-header: cookie => PHPSESSID=9c9e2b317137f4013c88a957532e20321fc003ff; login_113232=U_en131%3Azephyrsails%3A0bb70f4a2c1f061b6296994fdeab5801; prsess_113232=a4102348b108ca7efec043206765d1b9
D, [2015-11-29T10:48:41.173208 #12500] DEBUG -- : request-header: host => s131-en.ogame.gameforge.com
D, [2015-11-29T10:48:41.173283 #12500] DEBUG -- : request-header: referer => http://s131-en.ogame.gameforge.com/game/index.php?page=fleet3
I, [2015-11-29T10:48:42.185943 #12500]  INFO -- : status: Net::HTTPOK 1.1 200 OK
D, [2015-11-29T10:48:42.186167 #12500] DEBUG -- : response-header: date => Sun, 29 Nov 2015 02:48:41 GMT
D, [2015-11-29T10:48:42.186288 #12500] DEBUG -- : response-header: server => Apache
D, [2015-11-29T10:48:42.186400 #12500] DEBUG -- : response-header: p3p => CP="This is not a P3P policy. It is a ninja, sneaking by Internet Explorer and escaping its iframe at lightning speed."
D, [2015-11-29T10:48:42.186510 #12500] DEBUG -- : response-header: expires => Thu, 19 Nov 1981 08:52:00 GMT
D, [2015-11-29T10:48:42.186619 #12500] DEBUG -- : response-header: cache-control => no-store, no-cache, must-revalidate, post-check=0, pre-check=0
D, [2015-11-29T10:48:42.186726 #12500] DEBUG -- : response-header: pragma => no-cache
D, [2015-11-29T10:48:42.186832 #12500] DEBUG -- : response-header: vary => Accept-Encoding
D, [2015-11-29T10:48:42.186937 #12500] DEBUG -- : response-header: content-encoding => gzip
D, [2015-11-29T10:48:42.187043 #12500] DEBUG -- : response-header: content-length => 28949
D, [2015-11-29T10:48:42.187148 #12500] DEBUG -- : response-header: connection => close
D, [2015-11-29T10:48:42.187254 #12500] DEBUG -- : response-header: content-type => text/html; charset=utf-8
D, [2015-11-29T10:48:42.187450 #12500] DEBUG -- : Read 12676 bytes (12676 total)
D, [2015-11-29T10:48:42.187609 #12500] DEBUG -- : Read 1460 bytes (14136 total)
D, [2015-11-29T10:48:42.595561 #12500] DEBUG -- : Read 14813 bytes (28949 total)
D, [2015-11-29T10:48:42.596046 #12500] DEBUG -- : gzip response
I, [2015-11-29T10:48:47.626539 #12500]  INFO -- : Net::HTTP::Get: /game/index.php?page=fleet1
D, [2015-11-29T10:48:47.626689 #12500] DEBUG -- : request-header: accept-encoding => gzip,deflate,identity
D, [2015-11-29T10:48:47.626807 #12500] DEBUG -- : request-header: accept => */*
D, [2015-11-29T10:48:47.626918 #12500] DEBUG -- : request-header: user-agent => Mechanize/2.7.3 Ruby/2.2.2p95 (http://github.com/sparklemotion/mechanize/)
D, [2015-11-29T10:48:47.627028 #12500] DEBUG -- : request-header: accept-charset => ISO-8859-1,utf-8;q=0.7,*;q=0.7
D, [2015-11-29T10:48:47.627136 #12500] DEBUG -- : request-header: accept-language => en-us,en;q=0.5
D, [2015-11-29T10:48:47.627242 #12500] DEBUG -- : request-header: cookie => PHPSESSID=9c9e2b317137f4013c88a957532e20321fc003ff; login_113232=U_en131%3Azephyrsails%3A0bb70f4a2c1f061b6296994fdeab5801; prsess_113232=a4102348b108ca7efec043206765d1b9
D, [2015-11-29T10:48:47.627349 #12500] DEBUG -- : request-header: host => s131-en.ogame.gameforge.com
I, [2015-11-29T10:48:48.944572 #12500]  INFO -- : status: Net::HTTPOK 1.1 200 OK
D, [2015-11-29T10:48:48.944794 #12500] DEBUG -- : response-header: date => Sun, 29 Nov 2015 02:48:48 GMT
D, [2015-11-29T10:48:48.944915 #12500] DEBUG -- : response-header: server => Apache
D, [2015-11-29T10:48:48.945027 #12500] DEBUG -- : response-header: p3p => CP="This is not a P3P policy. It is a ninja, sneaking by Internet Explorer and escaping its iframe at lightning speed."
D, [2015-11-29T10:48:48.945138 #12500] DEBUG -- : response-header: expires => Thu, 19 Nov 1981 08:52:00 GMT
D, [2015-11-29T10:48:48.945246 #12500] DEBUG -- : response-header: cache-control => no-store, no-cache, must-revalidate, post-check=0, pre-check=0
D, [2015-11-29T10:48:48.945356 #12500] DEBUG -- : response-header: pragma => no-cache
D, [2015-11-29T10:48:48.945462 #12500] DEBUG -- : response-header: vary => Accept-Encoding
D, [2015-11-29T10:48:48.945569 #12500] DEBUG -- : response-header: content-encoding => gzip
D, [2015-11-29T10:48:48.945674 #12500] DEBUG -- : response-header: content-length => 28924
D, [2015-11-29T10:48:48.945780 #12500] DEBUG -- : response-header: connection => close
D, [2015-11-29T10:48:48.945886 #12500] DEBUG -- : response-header: content-type => text/html; charset=utf-8
D, [2015-11-29T10:48:48.946082 #12500] DEBUG -- : Read 14136 bytes (14136 total)
D, [2015-11-29T10:48:49.251404 #12500] DEBUG -- : Read 1460 bytes (15596 total)
D, [2015-11-29T10:48:49.558746 #12500] DEBUG -- : Read 13328 bytes (28924 total)
D, [2015-11-29T10:48:49.559654 #12500] DEBUG -- : gzip response
I, [2015-11-29T10:48:50.603709 #12500]  INFO -- : form encoding: utf-8
D, [2015-11-29T10:48:50.604116 #12500] DEBUG -- : query: "galaxy=1&system=410&position=4&type=1&mission=0&speed=10&am205=0&am202=0&am203=0&am208=0&am210=1"
I, [2015-11-29T10:48:50.605469 #12500]  INFO -- : Net::HTTP::Post: /game/index.php?page=fleet2
D, [2015-11-29T10:48:50.605544 #12500] DEBUG -- : request-header: accept-encoding => gzip,deflate,identity
D, [2015-11-29T10:48:50.605608 #12500] DEBUG -- : request-header: accept => */*
D, [2015-11-29T10:48:50.605669 #12500] DEBUG -- : request-header: user-agent => Mechanize/2.7.3 Ruby/2.2.2p95 (http://github.com/sparklemotion/mechanize/)
D, [2015-11-29T10:48:50.605728 #12500] DEBUG -- : request-header: accept-charset => ISO-8859-1,utf-8;q=0.7,*;q=0.7
D, [2015-11-29T10:48:50.605786 #12500] DEBUG -- : request-header: accept-language => en-us,en;q=0.5
D, [2015-11-29T10:48:50.605845 #12500] DEBUG -- : request-header: cookie => PHPSESSID=9c9e2b317137f4013c88a957532e20321fc003ff; login_113232=U_en131%3Azephyrsails%3A0bb70f4a2c1f061b6296994fdeab5801; prsess_113232=a4102348b108ca7efec043206765d1b9
D, [2015-11-29T10:48:50.605904 #12500] DEBUG -- : request-header: host => s131-en.ogame.gameforge.com
D, [2015-11-29T10:48:50.605967 #12500] DEBUG -- : request-header: referer => http://s131-en.ogame.gameforge.com/game/index.php?page=fleet1
D, [2015-11-29T10:48:50.606027 #12500] DEBUG -- : request-header: content-type => application/x-www-form-urlencoded
D, [2015-11-29T10:48:50.606094 #12500] DEBUG -- : request-header: content-length => 96
D, [2015-11-29T10:48:51.510680 #12500] DEBUG -- : query: "messageId=-1&tabid=20&action=107&pagination=1"
I, [2015-11-29T10:48:51.512408 #12500]  INFO -- : Net::HTTP::Post: /game/index.php?page=messages
D, [2015-11-29T10:48:51.512512 #12500] DEBUG -- : request-header: accept-encoding => gzip,deflate,identity
D, [2015-11-29T10:48:51.512590 #12500] DEBUG -- : request-header: accept => */*
D, [2015-11-29T10:48:51.512664 #12500] DEBUG -- : request-header: user-agent => Mechanize/2.7.3 Ruby/2.2.2p95 (http://github.com/sparklemotion/mechanize/)
D, [2015-11-29T10:48:51.512737 #12500] DEBUG -- : request-header: accept-charset => ISO-8859-1,utf-8;q=0.7,*;q=0.7
D, [2015-11-29T10:48:51.512808 #12500] DEBUG -- : request-header: accept-language => en-us,en;q=0.5
D, [2015-11-29T10:48:51.512880 #12500] DEBUG -- : request-header: cookie => PHPSESSID=9c9e2b317137f4013c88a957532e20321fc003ff; login_113232=U_en131%3Azephyrsails%3A0bb70f4a2c1f061b6296994fdeab5801; prsess_113232=a4102348b108ca7efec043206765d1b9
D, [2015-11-29T10:48:51.512952 #12500] DEBUG -- : request-header: host => s131-en.ogame.gameforge.com
D, [2015-11-29T10:48:51.513030 #12500] DEBUG -- : request-header: referer => http://s131-en.ogame.gameforge.com/game/index.php?page=fleet1
D, [2015-11-29T10:48:51.513103 #12500] DEBUG -- : request-header: content-type => application/x-www-form-urlencoded
D, [2015-11-29T10:48:51.513173 #12500] DEBUG -- : request-header: content-length => 45
I, [2015-11-29T10:48:51.589835 #12500]  INFO -- : status: Net::HTTPOK 1.1 200 OK
D, [2015-11-29T10:48:51.590055 #12500] DEBUG -- : response-header: date => Sun, 29 Nov 2015 02:48:51 GMT
D, [2015-11-29T10:48:51.590175 #12500] DEBUG -- : response-header: server => Apache
D, [2015-11-29T10:48:51.590351 #12500] DEBUG -- : response-header: p3p => CP="This is not a P3P policy. It is a ninja, sneaking by Internet Explorer and escaping its iframe at lightning speed."
D, [2015-11-29T10:48:51.590569 #12500] DEBUG -- : response-header: expires => Thu, 19 Nov 1981 08:52:00 GMT
D, [2015-11-29T10:48:51.590716 #12500] DEBUG -- : response-header: cache-control => no-store, no-cache, must-revalidate, post-check=0, pre-check=0
D, [2015-11-29T10:48:51.590831 #12500] DEBUG -- : response-header: pragma => no-cache
D, [2015-11-29T10:48:51.590942 #12500] DEBUG -- : response-header: vary => Accept-Encoding
D, [2015-11-29T10:48:51.591048 #12500] DEBUG -- : response-header: content-encoding => gzip
D, [2015-11-29T10:48:51.591154 #12500] DEBUG -- : response-header: content-length => 28527
D, [2015-11-29T10:48:51.591259 #12500] DEBUG -- : response-header: connection => close
D, [2015-11-29T10:48:51.591365 #12500] DEBUG -- : response-header: content-type => text/html; charset=utf-8
D, [2015-11-29T10:48:51.591560 #12500] DEBUG -- : Read 6836 bytes (6836 total)
D, [2015-11-29T10:48:51.591768 #12500] DEBUG -- : Read 7300 bytes (14136 total)
D, [2015-11-29T10:48:51.877704 #12500] DEBUG -- : Read 8760 bytes (22896 total)
D, [2015-11-29T10:48:51.878068 #12500] DEBUG -- : Read 2920 bytes (25816 total)
D, [2015-11-29T10:48:51.878391 #12500] DEBUG -- : Read 2711 bytes (28527 total)
D, [2015-11-29T10:48:51.878672 #12500] DEBUG -- : gzip response
I, [2015-11-29T10:48:52.221470 #12500]  INFO -- : status: Net::HTTPOK 1.1 200 OK
D, [2015-11-29T10:48:52.221880 #12500] DEBUG -- : response-header: date => Sun, 29 Nov 2015 02:48:51 GMT
D, [2015-11-29T10:48:52.222034 #12500] DEBUG -- : response-header: server => Apache
D, [2015-11-29T10:48:52.222150 #12500] DEBUG -- : response-header: p3p => CP="This is not a P3P policy. It is a ninja, sneaking by Internet Explorer and escaping its iframe at lightning speed."
D, [2015-11-29T10:48:52.222261 #12500] DEBUG -- : response-header: expires => Thu, 19 Nov 1981 08:52:00 GMT
D, [2015-11-29T10:48:52.222369 #12500] DEBUG -- : response-header: cache-control => no-store, no-cache, must-revalidate, post-check=0, pre-check=0
D, [2015-11-29T10:48:52.222475 #12500] DEBUG -- : response-header: pragma => no-cache
D, [2015-11-29T10:48:52.223153 #12500] DEBUG -- : response-header: vary => Accept-Encoding
D, [2015-11-29T10:48:52.223277 #12500] DEBUG -- : response-header: content-encoding => gzip
D, [2015-11-29T10:48:52.223383 #12500] DEBUG -- : response-header: content-length => 3098
D, [2015-11-29T10:48:52.223488 #12500] DEBUG -- : response-header: connection => close
D, [2015-11-29T10:48:52.223593 #12500] DEBUG -- : response-header: content-type => text/html; charset=utf-8
D, [2015-11-29T10:48:52.223774 #12500] DEBUG -- : Read 3098 bytes (3098 total)
D, [2015-11-29T10:48:52.224078 #12500] DEBUG -- : gzip response
D, [2015-11-29T10:48:52.245687 #12500] DEBUG -- : query: "messageId=-1&tabid=20&action=107&pagination=1"
I, [2015-11-29T10:48:52.247348 #12500]  INFO -- : Net::HTTP::Post: /game/index.php?page=messages
D, [2015-11-29T10:48:52.247440 #12500] DEBUG -- : request-header: accept-encoding => gzip,deflate,identity
D, [2015-11-29T10:48:52.247517 #12500] DEBUG -- : request-header: accept => */*
D, [2015-11-29T10:48:52.247591 #12500] DEBUG -- : request-header: user-agent => Mechanize/2.7.3 Ruby/2.2.2p95 (http://github.com/sparklemotion/mechanize/)
D, [2015-11-29T10:48:52.247663 #12500] DEBUG -- : request-header: accept-charset => ISO-8859-1,utf-8;q=0.7,*;q=0.7
D, [2015-11-29T10:48:52.247733 #12500] DEBUG -- : request-header: accept-language => en-us,en;q=0.5
D, [2015-11-29T10:48:52.247804 #12500] DEBUG -- : request-header: cookie => PHPSESSID=9c9e2b317137f4013c88a957532e20321fc003ff; login_113232=U_en131%3Azephyrsails%3A0bb70f4a2c1f061b6296994fdeab5801; prsess_113232=a4102348b108ca7efec043206765d1b9
D, [2015-11-29T10:48:52.247875 #12500] DEBUG -- : request-header: host => s131-en.ogame.gameforge.com
D, [2015-11-29T10:48:52.247950 #12500] DEBUG -- : request-header: referer => http://s131-en.ogame.gameforge.com/game/index.php?page=messages
D, [2015-11-29T10:48:52.248021 #12500] DEBUG -- : request-header: content-type => application/x-www-form-urlencoded
D, [2015-11-29T10:48:52.248090 #12500] DEBUG -- : request-header: content-length => 45
I, [2015-11-29T10:48:52.910477 #12500]  INFO -- : form encoding: utf-8
D, [2015-11-29T10:48:52.910844 #12500] DEBUG -- : query: "type=1&mission=6&union=0&am210=1&galaxy=1&system=366&position=6&acsValues=-&speed=10"
I, [2015-11-29T10:48:52.912292 #12500]  INFO -- : Net::HTTP::Post: /game/index.php?page=fleet3
D, [2015-11-29T10:48:52.912365 #12500] DEBUG -- : request-header: accept-encoding => gzip,deflate,identity
D, [2015-11-29T10:48:52.912428 #12500] DEBUG -- : request-header: accept => */*
D, [2015-11-29T10:48:52.912490 #12500] DEBUG -- : request-header: user-agent => Mechanize/2.7.3 Ruby/2.2.2p95 (http://github.com/sparklemotion/mechanize/)
D, [2015-11-29T10:48:52.912549 #12500] DEBUG -- : request-header: accept-charset => ISO-8859-1,utf-8;q=0.7,*;q=0.7
D, [2015-11-29T10:48:52.912608 #12500] DEBUG -- : request-header: accept-language => en-us,en;q=0.5
D, [2015-11-29T10:48:52.912667 #12500] DEBUG -- : request-header: cookie => PHPSESSID=9c9e2b317137f4013c88a957532e20321fc003ff; login_113232=U_en131%3Azephyrsails%3A0bb70f4a2c1f061b6296994fdeab5801; prsess_113232=a4102348b108ca7efec043206765d1b9
D, [2015-11-29T10:48:52.912726 #12500] DEBUG -- : request-header: host => s131-en.ogame.gameforge.com
D, [2015-11-29T10:48:52.912787 #12500] DEBUG -- : request-header: referer => http://s131-en.ogame.gameforge.com/game/index.php?page=fleet2
D, [2015-11-29T10:48:52.912846 #12500] DEBUG -- : request-header: content-type => application/x-www-form-urlencoded
D, [2015-11-29T10:48:52.912941 #12500] DEBUG -- : request-header: content-length => 84
I, [2015-11-29T10:48:52.937739 #12500]  INFO -- : status: Net::HTTPOK 1.1 200 OK
D, [2015-11-29T10:48:52.937964 #12500] DEBUG -- : response-header: date => Sun, 29 Nov 2015 02:48:52 GMT
D, [2015-11-29T10:48:52.938084 #12500] DEBUG -- : response-header: server => Apache
D, [2015-11-29T10:48:52.938205 #12500] DEBUG -- : response-header: p3p => CP="This is not a P3P policy. It is a ninja, sneaking by Internet Explorer and escaping its iframe at lightning speed."
D, [2015-11-29T10:48:52.938333 #12500] DEBUG -- : response-header: expires => Thu, 19 Nov 1981 08:52:00 GMT
D, [2015-11-29T10:48:52.938446 #12500] DEBUG -- : response-header: cache-control => no-store, no-cache, must-revalidate, post-check=0, pre-check=0
D, [2015-11-29T10:48:52.938553 #12500] DEBUG -- : response-header: pragma => no-cache
D, [2015-11-29T10:48:52.938659 #12500] DEBUG -- : response-header: vary => Accept-Encoding
D, [2015-11-29T10:48:52.938764 #12500] DEBUG -- : response-header: content-encoding => gzip
D, [2015-11-29T10:48:52.938869 #12500] DEBUG -- : response-header: content-length => 3098
D, [2015-11-29T10:48:52.938973 #12500] DEBUG -- : response-header: connection => close
D, [2015-11-29T10:48:52.939077 #12500] DEBUG -- : response-header: content-type => text/html; charset=utf-8
D, [2015-11-29T10:48:52.939261 #12500] DEBUG -- : Read 3098 bytes (3098 total)
D, [2015-11-29T10:48:52.939575 #12500] DEBUG -- : gzip response
I, [2015-11-29T10:48:53.450149 #12500]  INFO -- : status: Net::HTTPFound 1.1 302 Found
D, [2015-11-29T10:48:53.450379 #12500] DEBUG -- : response-header: date => Sun, 29 Nov 2015 02:48:53 GMT
D, [2015-11-29T10:48:53.450500 #12500] DEBUG -- : response-header: server => Apache
D, [2015-11-29T10:48:53.450612 #12500] DEBUG -- : response-header: p3p => CP="This is not a P3P policy. It is a ninja, sneaking by Internet Explorer and escaping its iframe at lightning speed."
D, [2015-11-29T10:48:53.450721 #12500] DEBUG -- : response-header: expires => Thu, 19 Nov 1981 08:52:00 GMT
D, [2015-11-29T10:48:53.450828 #12500] DEBUG -- : response-header: cache-control => no-store, no-cache, must-revalidate, post-check=0, pre-check=0
D, [2015-11-29T10:48:53.450934 #12500] DEBUG -- : response-header: pragma => no-cache
D, [2015-11-29T10:48:53.451041 #12500] DEBUG -- : response-header: location => http://s131-en.ogame.gameforge.com/game/index.php?page=fleet1
D, [2015-11-29T10:48:53.451147 #12500] DEBUG -- : response-header: content-length => 103
D, [2015-11-29T10:48:53.451306 #12500] DEBUG -- : response-header: connection => close
D, [2015-11-29T10:48:53.451416 #12500] DEBUG -- : response-header: content-type => text/html; charset=utf-8
D, [2015-11-29T10:48:53.451608 #12500] DEBUG -- : Read 103 bytes (103 total)
I, [2015-11-29T10:48:53.452235 #12500]  INFO -- : follow redirect to: http://s131-en.ogame.gameforge.com/game/index.php?page=fleet1
I, [2015-11-29T10:48:53.454057 #12500]  INFO -- : Net::HTTP::Get: /game/index.php?page=fleet1
D, [2015-11-29T10:48:53.454145 #12500] DEBUG -- : request-header: accept-encoding => gzip,deflate,identity
D, [2015-11-29T10:48:53.454222 #12500] DEBUG -- : request-header: accept => */*
D, [2015-11-29T10:48:53.454295 #12500] DEBUG -- : request-header: user-agent => Mechanize/2.7.3 Ruby/2.2.2p95 (http://github.com/sparklemotion/mechanize/)
D, [2015-11-29T10:48:53.454368 #12500] DEBUG -- : request-header: accept-charset => ISO-8859-1,utf-8;q=0.7,*;q=0.7
D, [2015-11-29T10:48:53.454484 #12500] DEBUG -- : request-header: accept-language => en-us,en;q=0.5
D, [2015-11-29T10:48:53.454555 #12500] DEBUG -- : request-header: cookie => PHPSESSID=9c9e2b317137f4013c88a957532e20321fc003ff; login_113232=U_en131%3Azephyrsails%3A0bb70f4a2c1f061b6296994fdeab5801; prsess_113232=a4102348b108ca7efec043206765d1b9
D, [2015-11-29T10:48:53.454626 #12500] DEBUG -- : request-header: host => s131-en.ogame.gameforge.com
D, [2015-11-29T10:48:53.454701 #12500] DEBUG -- : request-header: referer => http://s131-en.ogame.gameforge.com/game/index.php?page=fleet2
I, [2015-11-29T10:48:54.371997 #12500]  INFO -- : status: Net::HTTPOK 1.1 200 OK
D, [2015-11-29T10:48:54.372221 #12500] DEBUG -- : response-header: date => Sun, 29 Nov 2015 02:48:53 GMT
D, [2015-11-29T10:48:54.372342 #12500] DEBUG -- : response-header: server => Apache
D, [2015-11-29T10:48:54.372453 #12500] DEBUG -- : response-header: p3p => CP="This is not a P3P policy. It is a ninja, sneaking by Internet Explorer and escaping its iframe at lightning speed."
D, [2015-11-29T10:48:54.372562 #12500] DEBUG -- : response-header: expires => Thu, 19 Nov 1981 08:52:00 GMT
D, [2015-11-29T10:48:54.372684 #12500] DEBUG -- : response-header: cache-control => no-store, no-cache, must-revalidate, post-check=0, pre-check=0
D, [2015-11-29T10:48:54.372795 #12500] DEBUG -- : response-header: pragma => no-cache
D, [2015-11-29T10:48:54.372900 #12500] DEBUG -- : response-header: vary => Accept-Encoding
D, [2015-11-29T10:48:54.373004 #12500] DEBUG -- : response-header: content-encoding => gzip
D, [2015-11-29T10:48:54.373108 #12500] DEBUG -- : response-header: content-length => 28943
D, [2015-11-29T10:48:54.373212 #12500] DEBUG -- : response-header: connection => close
D, [2015-11-29T10:48:54.373317 #12500] DEBUG -- : response-header: content-type => text/html; charset=utf-8
D, [2015-11-29T10:48:54.373518 #12500] DEBUG -- : Read 14136 bytes (14136 total)
D, [2015-11-29T10:48:54.678733 #12500] DEBUG -- : Read 14807 bytes (28943 total)
D, [2015-11-29T10:48:54.679195 #12500] DEBUG -- : gzip response
I, [2015-11-29T10:48:55.714619 #12500]  INFO -- : Net::HTTP::Get: /game/index.php?page=fleet1
D, [2015-11-29T10:48:55.714724 #12500] DEBUG -- : request-header: accept-encoding => gzip,deflate,identity
D, [2015-11-29T10:48:55.714802 #12500] DEBUG -- : request-header: accept => */*
D, [2015-11-29T10:48:55.714910 #12500] DEBUG -- : request-header: user-agent => Mechanize/2.7.3 Ruby/2.2.2p95 (http://github.com/sparklemotion/mechanize/)
D, [2015-11-29T10:48:55.714973 #12500] DEBUG -- : request-header: accept-charset => ISO-8859-1,utf-8;q=0.7,*;q=0.7
D, [2015-11-29T10:48:55.715032 #12500] DEBUG -- : request-header: accept-language => en-us,en;q=0.5
D, [2015-11-29T10:48:55.715091 #12500] DEBUG -- : request-header: cookie => PHPSESSID=9c9e2b317137f4013c88a957532e20321fc003ff; login_113232=U_en131%3Azephyrsails%3A0bb70f4a2c1f061b6296994fdeab5801; prsess_113232=a4102348b108ca7efec043206765d1b9
D, [2015-11-29T10:48:55.715150 #12500] DEBUG -- : request-header: host => s131-en.ogame.gameforge.com
I, [2015-11-29T10:48:56.726715 #12500]  INFO -- : status: Net::HTTPOK 1.1 200 OK
D, [2015-11-29T10:48:56.726953 #12500] DEBUG -- : response-header: date => Sun, 29 Nov 2015 02:48:56 GMT
D, [2015-11-29T10:48:56.727036 #12500] DEBUG -- : response-header: server => Apache
D, [2015-11-29T10:48:56.727112 #12500] DEBUG -- : response-header: p3p => CP="This is not a P3P policy. It is a ninja, sneaking by Internet Explorer and escaping its iframe at lightning speed."
D, [2015-11-29T10:48:56.727186 #12500] DEBUG -- : response-header: expires => Thu, 19 Nov 1981 08:52:00 GMT
D, [2015-11-29T10:48:56.727259 #12500] DEBUG -- : response-header: cache-control => no-store, no-cache, must-revalidate, post-check=0, pre-check=0
D, [2015-11-29T10:48:56.727330 #12500] DEBUG -- : response-header: pragma => no-cache
D, [2015-11-29T10:48:56.727401 #12500] DEBUG -- : response-header: vary => Accept-Encoding
D, [2015-11-29T10:48:56.727471 #12500] DEBUG -- : response-header: content-encoding => gzip
D, [2015-11-29T10:48:56.727540 #12500] DEBUG -- : response-header: content-length => 28943
D, [2015-11-29T10:48:56.727610 #12500] DEBUG -- : response-header: connection => close
D, [2015-11-29T10:48:56.727681 #12500] DEBUG -- : response-header: content-type => text/html; charset=utf-8
D, [2015-11-29T10:48:56.727835 #12500] DEBUG -- : Read 12676 bytes (12676 total)
D, [2015-11-29T10:48:56.727930 #12500] DEBUG -- : Read 1460 bytes (14136 total)
D, [2015-11-29T10:48:57.013660 #12500] DEBUG -- : Read 7300 bytes (21436 total)
D, [2015-11-29T10:48:57.013943 #12500] DEBUG -- : Read 5840 bytes (27276 total)
D, [2015-11-29T10:48:57.014534 #12500] DEBUG -- : Read 1667 bytes (28943 total)
D, [2015-11-29T10:48:57.014756 #12500] DEBUG -- : gzip response
I, [2015-11-29T10:48:58.053389 #12500]  INFO -- : form encoding: utf-8
D, [2015-11-29T10:48:58.053749 #12500] DEBUG -- : query: "galaxy=1&system=410&position=4&type=1&mission=0&speed=10&am205=0&am202=0&am203=0&am208=0&am210=1"
I, [2015-11-29T10:48:58.055540 #12500]  INFO -- : Net::HTTP::Post: /game/index.php?page=fleet2
D, [2015-11-29T10:48:58.055629 #12500] DEBUG -- : request-header: accept-encoding => gzip,deflate,identity
D, [2015-11-29T10:48:58.055703 #12500] DEBUG -- : request-header: accept => */*
D, [2015-11-29T10:48:58.055766 #12500] DEBUG -- : request-header: user-agent => Mechanize/2.7.3 Ruby/2.2.2p95 (http://github.com/sparklemotion/mechanize/)
D, [2015-11-29T10:48:58.055827 #12500] DEBUG -- : request-header: accept-charset => ISO-8859-1,utf-8;q=0.7,*;q=0.7
D, [2015-11-29T10:48:58.055886 #12500] DEBUG -- : request-header: accept-language => en-us,en;q=0.5
D, [2015-11-29T10:48:58.055945 #12500] DEBUG -- : request-header: cookie => PHPSESSID=9c9e2b317137f4013c88a957532e20321fc003ff; login_113232=U_en131%3Azephyrsails%3A0bb70f4a2c1f061b6296994fdeab5801; prsess_113232=a4102348b108ca7efec043206765d1b9
D, [2015-11-29T10:48:58.056004 #12500] DEBUG -- : request-header: host => s131-en.ogame.gameforge.com
D, [2015-11-29T10:48:58.056069 #12500] DEBUG -- : request-header: referer => http://s131-en.ogame.gameforge.com/game/index.php?page=fleet1
D, [2015-11-29T10:48:58.056129 #12500] DEBUG -- : request-header: content-type => application/x-www-form-urlencoded
D, [2015-11-29T10:48:58.056187 #12500] DEBUG -- : request-header: content-length => 96
I, [2015-11-29T10:48:58.979658 #12500]  INFO -- : status: Net::HTTPOK 1.1 200 OK
D, [2015-11-29T10:48:58.979881 #12500] DEBUG -- : response-header: date => Sun, 29 Nov 2015 02:48:58 GMT
D, [2015-11-29T10:48:58.980000 #12500] DEBUG -- : response-header: server => Apache
D, [2015-11-29T10:48:58.980112 #12500] DEBUG -- : response-header: p3p => CP="This is not a P3P policy. It is a ninja, sneaking by Internet Explorer and escaping its iframe at lightning speed."
D, [2015-11-29T10:48:58.980222 #12500] DEBUG -- : response-header: expires => Thu, 19 Nov 1981 08:52:00 GMT
D, [2015-11-29T10:48:58.980330 #12500] DEBUG -- : response-header: cache-control => no-store, no-cache, must-revalidate, post-check=0, pre-check=0
D, [2015-11-29T10:48:58.980438 #12500] DEBUG -- : response-header: pragma => no-cache
D, [2015-11-29T10:48:58.980543 #12500] DEBUG -- : response-header: vary => Accept-Encoding
D, [2015-11-29T10:48:58.980648 #12500] DEBUG -- : response-header: content-encoding => gzip
D, [2015-11-29T10:48:58.980752 #12500] DEBUG -- : response-header: content-length => 28532
D, [2015-11-29T10:48:58.980856 #12500] DEBUG -- : response-header: connection => close
D, [2015-11-29T10:48:58.980960 #12500] DEBUG -- : response-header: content-type => text/html; charset=utf-8
D, [2015-11-29T10:48:58.981145 #12500] DEBUG -- : Read 14136 bytes (14136 total)
D, [2015-11-29T10:48:59.286512 #12500] DEBUG -- : Read 14396 bytes (28532 total)
D, [2015-11-29T10:48:59.286932 #12500] DEBUG -- : gzip response
I, [2015-11-29T10:48:59.864274 #12500]  INFO -- : Net::HTTP::Get: /
D, [2015-11-29T10:48:59.864425 #12500] DEBUG -- : request-header: accept-encoding => gzip,deflate,identity
D, [2015-11-29T10:48:59.864506 #12500] DEBUG -- : request-header: accept => */*
D, [2015-11-29T10:48:59.864625 #12500] DEBUG -- : request-header: user-agent => Mechanize/2.7.3 Ruby/2.2.2p95 (http://github.com/sparklemotion/mechanize/)
D, [2015-11-29T10:48:59.864701 #12500] DEBUG -- : request-header: accept-charset => ISO-8859-1,utf-8;q=0.7,*;q=0.7
D, [2015-11-29T10:48:59.864774 #12500] DEBUG -- : request-header: accept-language => en-us,en;q=0.5
D, [2015-11-29T10:48:59.864845 #12500] DEBUG -- : request-header: host => en.ogame.gameforge.com
D, [2015-11-29T10:49:03.033408 #12500] DEBUG -- : query: "messageId=-1&tabid=20&action=107&pagination=1"
I, [2015-11-29T10:49:03.035452 #12500]  INFO -- : Net::HTTP::Post: /game/index.php?page=messages
D, [2015-11-29T10:49:03.035752 #12500] DEBUG -- : request-header: accept-encoding => gzip,deflate,identity
D, [2015-11-29T10:49:03.035932 #12500] DEBUG -- : request-header: accept => */*
D, [2015-11-29T10:49:03.036173 #12500] DEBUG -- : request-header: user-agent => Mechanize/2.7.3 Ruby/2.2.2p95 (http://github.com/sparklemotion/mechanize/)
D, [2015-11-29T10:49:03.036336 #12500] DEBUG -- : request-header: accept-charset => ISO-8859-1,utf-8;q=0.7,*;q=0.7
D, [2015-11-29T10:49:03.036505 #12500] DEBUG -- : request-header: accept-language => en-us,en;q=0.5
D, [2015-11-29T10:49:03.036732 #12500] DEBUG -- : request-header: host => s131-en.ogame.gameforge.com
D, [2015-11-29T10:49:03.036872 #12500] DEBUG -- : request-header: content-type => application/x-www-form-urlencoded
D, [2015-11-29T10:49:03.037009 #12500] DEBUG -- : request-header: content-length => 45
I, [2015-11-29T10:49:03.587553 #12500]  INFO -- : status: Net::HTTPFound 1.1 302 Found
D, [2015-11-29T10:49:03.595823 #12500] DEBUG -- : response-header: date => Sun, 29 Nov 2015 02:49:03 GMT
D, [2015-11-29T10:49:03.595983 #12500] DEBUG -- : response-header: server => Apache
D, [2015-11-29T10:49:03.596065 #12500] DEBUG -- : response-header: p3p => CP="This is not a P3P policy. It is a ninja, sneaking by Internet Explorer and escaping its iframe at lightning speed."
D, [2015-11-29T10:49:03.596192 #12500] DEBUG -- : response-header: set-cookie => PHPSESSID=urglfuv8cdfgsbafg52oo0uka1; path=/
D, [2015-11-29T10:49:03.596324 #12500] DEBUG -- : response-header: expires => Thu, 19 Nov 1981 08:52:00 GMT
D, [2015-11-29T10:49:03.596417 #12500] DEBUG -- : response-header: cache-control => no-store, no-cache, must-revalidate, post-check=0, pre-check=0
D, [2015-11-29T10:49:03.596491 #12500] DEBUG -- : response-header: pragma => no-cache
D, [2015-11-29T10:49:03.596562 #12500] DEBUG -- : response-header: location => http://ogame.org
D, [2015-11-29T10:49:03.596632 #12500] DEBUG -- : response-header: content-length => 58
D, [2015-11-29T10:49:03.596702 #12500] DEBUG -- : response-header: connection => close
D, [2015-11-29T10:49:03.596772 #12500] DEBUG -- : response-header: content-type => text/html; charset=utf-8
D, [2015-11-29T10:49:03.596914 #12500] DEBUG -- : Read 58 bytes (58 total)
D, [2015-11-29T10:49:03.597627 #12500] DEBUG -- : saved cookie: PHPSESSID=urglfuv8cdfgsbafg52oo0uka1
I, [2015-11-29T10:49:03.597769 #12500]  INFO -- : follow redirect to: http://ogame.org
I, [2015-11-29T10:49:03.598880 #12500]  INFO -- : Net::HTTP::Get: /
D, [2015-11-29T10:49:03.598993 #12500] DEBUG -- : request-header: accept-encoding => gzip,deflate,identity
D, [2015-11-29T10:49:03.599065 #12500] DEBUG -- : request-header: accept => */*
D, [2015-11-29T10:49:03.599134 #12500] DEBUG -- : request-header: user-agent => Mechanize/2.7.3 Ruby/2.2.2p95 (http://github.com/sparklemotion/mechanize/)
D, [2015-11-29T10:49:03.599201 #12500] DEBUG -- : request-header: accept-charset => ISO-8859-1,utf-8;q=0.7,*;q=0.7
D, [2015-11-29T10:49:03.599267 #12500] DEBUG -- : request-header: accept-language => en-us,en;q=0.5
D, [2015-11-29T10:49:03.599333 #12500] DEBUG -- : request-header: host => ogame.org
I, [2015-11-29T10:49:05.062642 #12500]  INFO -- : status: Net::HTTPMovedPermanently 1.1 301 Moved Permanently
D, [2015-11-29T10:49:05.062953 #12500] DEBUG -- : response-header: date => Sun, 29 Nov 2015 02:49:04 GMT
D, [2015-11-29T10:49:05.063076 #12500] DEBUG -- : response-header: server => Apache
D, [2015-11-29T10:49:05.063187 #12500] DEBUG -- : response-header: location => http://en.ogame.gameforge.com/
D, [2015-11-29T10:49:05.063295 #12500] DEBUG -- : response-header: content-length => 238
D, [2015-11-29T10:49:05.063400 #12500] DEBUG -- : response-header: connection => close
D, [2015-11-29T10:49:05.063505 #12500] DEBUG -- : response-header: content-type => text/html; charset=iso-8859-1
D, [2015-11-29T10:49:05.063678 #12500] DEBUG -- : Read 238 bytes (238 total)
I, [2015-11-29T10:49:05.064319 #12500]  INFO -- : follow redirect to: http://en.ogame.gameforge.com/
I, [2015-11-29T10:49:05.065886 #12500]  INFO -- : Net::HTTP::Get: /
D, [2015-11-29T10:49:05.066099 #12500] DEBUG -- : request-header: accept-encoding => gzip,deflate,identity
D, [2015-11-29T10:49:05.066185 #12500] DEBUG -- : request-header: accept => */*
D, [2015-11-29T10:49:05.066260 #12500] DEBUG -- : request-header: user-agent => Mechanize/2.7.3 Ruby/2.2.2p95 (http://github.com/sparklemotion/mechanize/)
D, [2015-11-29T10:49:05.066333 #12500] DEBUG -- : request-header: accept-charset => ISO-8859-1,utf-8;q=0.7,*;q=0.7
D, [2015-11-29T10:49:05.066404 #12500] DEBUG -- : request-header: accept-language => en-us,en;q=0.5
D, [2015-11-29T10:49:05.066489 #12500] DEBUG -- : request-header: host => en.ogame.gameforge.com
I, [2015-11-29T10:49:05.532491 #12500]  INFO -- : status: Net::HTTPOK 1.1 200 OK
D, [2015-11-29T10:49:05.532715 #12500] DEBUG -- : response-header: date => Sun, 29 Nov 2015 02:49:05 GMT
D, [2015-11-29T10:49:05.532836 #12500] DEBUG -- : response-header: server => Apache
D, [2015-11-29T10:49:05.532947 #12500] DEBUG -- : response-header: p3p => CP="NOI ADM DEV PSAi COM NAV OUR OTRo STP IND DEM"
D, [2015-11-29T10:49:05.533057 #12500] DEBUG -- : response-header: set-cookie => SID=9t7bv1f9922pbmpu60kh07dhc2; expires=Sun, 29-Nov-2015 03:49:05 GMT; path=/; domain=en.ogame.gameforge.com
D, [2015-11-29T10:49:05.533165 #12500] DEBUG -- : response-header: vary => Accept-Encoding
D, [2015-11-29T10:49:05.533272 #12500] DEBUG -- : response-header: content-encoding => gzip
D, [2015-11-29T10:49:05.533376 #12500] DEBUG -- : response-header: content-length => 18217
D, [2015-11-29T10:49:05.533538 #12500] DEBUG -- : response-header: connection => close
D, [2015-11-29T10:49:05.533646 #12500] DEBUG -- : response-header: content-type => text/html; charset=utf-8
D, [2015-11-29T10:49:05.533826 #12500] DEBUG -- : Read 2540 bytes (2540 total)
D, [2015-11-29T10:49:05.534137 #12500] DEBUG -- : Read 11680 bytes (14220 total)
D, [2015-11-29T10:49:05.746316 #12500] DEBUG -- : Read 3997 bytes (18217 total)
D, [2015-11-29T10:49:05.746677 #12500] DEBUG -- : gzip response
D, [2015-11-29T10:49:05.755831 #12500] DEBUG -- : saved cookie: SID=9t7bv1f9922pbmpu60kh07dhc2
